Using pre-set license
Built from '2020.3/release' branch; Version is '2020.3.7f1 (dd97f2c94397) revision 14522354'; Using compiler version '192528614'; Build Type 'Release'
OS: 'Windows 10 Education; OS build 19044.2006; Version 2009; 64bit' Language: 'pt' Physical Memory: 16215 MB
BatchMode: 1, IsHumanControllingUs: 0, StartBugReporterOnCrash: 0, Is64bit: 1, IsPro: 0

 COMMAND LINE ARGUMENTS:
C:\Program Files\Unity\Hub\Editor\2020.3.7f1\Editor\Unity.exe
-adb2
-batchMode
-noUpm
-name
AssetImportWorker0
-projectPath
C:/Users/gonro/Desktop/Challenge/Bingo
-logFile
Logs/AssetImportWorker0.log
-srvPort
63814
Successfully changed project path to: C:/Users/gonro/Desktop/Challenge/Bingo
C:/Users/gonro/Desktop/Challenge/Bingo
Using Asset Import Pipeline V2.
Refreshing native plugins compatible for Editor in 47.17 ms, found 1 plugins.
Preloading 0 native plugins for Editor in 0.00 ms.
Initialize engine version: 2020.3.7f1 (dd97f2c94397)
[Subsystems] Discovering subsystems at path C:/Program Files/Unity/Hub/Editor/2020.3.7f1/Editor/Data/Resources/UnitySubsystems
[Subsystems] Discovering subsystems at path C:/Users/gonro/Desktop/Challenge/Bingo/Assets
GfxDevice: creating device client; threaded=0
Direct3D:
    Version:  Direct3D 11.0 [level 11.1]
    Renderer: Intel(R) UHD Graphics (ID=0x9bc4)
    Vendor:   
    VRAM:     8107 MB
    Driver:   27.20.100.8280
Initialize mono
Mono path[0] = 'C:/Program Files/Unity/Hub/Editor/2020.3.7f1/Editor/Data/Managed'
Mono path[1] = 'C:/Program Files/Unity/Hub/Editor/2020.3.7f1/Editor/Data/MonoBleedingEdge/lib/mono/unityjit'
Mono config path = 'C:/Program Files/Unity/Hub/Editor/2020.3.7f1/Editor/Data/MonoBleedingEdge/etc'
Using monoOptions --debugger-agent=transport=dt_socket,embedding=1,server=y,suspend=n,address=127.0.0.1:56936
Begin MonoManager ReloadAssembly
Registering precompiled unity dll's ...
Register platform support module: C:/Program Files/Unity/Hub/Editor/2020.3.7f1/Editor/Data/PlaybackEngines/WindowsStandaloneSupport/UnityEditor.WindowsStandalone.Extensions.dll
Registered in 0.002464 seconds.
Native extension for WindowsStandalone target not found
Refreshing native plugins compatible for Editor in 45.02 ms, found 1 plugins.
Preloading 0 native plugins for Editor in 0.00 ms.
Mono: successfully reloaded assembly
- Completed reload, in  1.553 seconds
Platform modules already initialized, skipping
Registering precompiled user dll's ...
Registered in 0.001051 seconds.
Begin MonoManager ReloadAssembly
Native extension for WindowsStandalone target not found
Refreshing native plugins compatible for Editor in 45.30 ms, found 1 plugins.
Preloading 0 native plugins for Editor in 0.00 ms.
Mono: successfully reloaded assembly
- Completed reload, in  1.288 seconds
Platform modules already initialized, skipping
========================================================================
Worker process is ready to serve import requests
Launched and connected shader compiler UnityShaderCompiler.exe after 0.04 seconds
Refreshing native plugins compatible for Editor in 0.39 ms, found 1 plugins.
Preloading 0 native plugins for Editor in 0.00 ms.
Unloading 1813 Unused Serialized files (Serialized files now loaded: 0)
System memory in use before: 90.8 MB.
System memory in use after: 90.7 MB.

Unloading 24 unused Assets to reduce memory usage. Loaded Objects now: 2268.
Total: 2.862000 ms (FindLiveObjects: 0.356500 ms CreateObjectMapping: 0.092500 ms MarkObjects: 2.267400 ms  DeleteObjects: 0.144400 ms)

========================================================================
Received Import Request.
  path: Assets/Scripts/Cell.cs
  artifactKey: Guid(09eae827a43ba354c819907aecdf157b) Importer(815301076,1909f56bfc062723c751e8b465ee728b)
Start importing Assets/Scripts/Cell.cs using Guid(09eae827a43ba354c819907aecdf157b) Importer(815301076,1909f56bfc062723c751e8b465ee728b)  -> (artifact id: 'de110419ba1d7e937bc39fadc586b524') in 0.042801 seconds
  Import took 0.046414 seconds .

========================================================================
Received Import Request.
  Time since last request: 0.000408 seconds.
  path: Assets/Scripts/Card.cs
  artifactKey: Guid(35f10063387b4af48a67119035e225ca) Importer(815301076,1909f56bfc062723c751e8b465ee728b)
Start importing Assets/Scripts/Card.cs using Guid(35f10063387b4af48a67119035e225ca) Importer(815301076,1909f56bfc062723c751e8b465ee728b)  -> (artifact id: 'fc76be0ff03b670619a9dc9eeb44dfac') in 0.007224 seconds
  Import took 0.010563 seconds .

========================================================================
Received Import Request.
  Time since last request: 0.000304 seconds.
  path: Assets/Scripts/DrawEvent.cs
  artifactKey: Guid(070ceaffea9b4724da50135a6be34cd9) Importer(815301076,1909f56bfc062723c751e8b465ee728b)
Start importing Assets/Scripts/DrawEvent.cs using Guid(070ceaffea9b4724da50135a6be34cd9) Importer(815301076,1909f56bfc062723c751e8b465ee728b)  -> (artifact id: 'fc19774d2a550a067c8a071883d240cb') in 0.007796 seconds
  Import took 0.012202 seconds .

========================================================================
Received Prepare
Registering precompiled user dll's ...
Registered in 0.001347 seconds.
Begin MonoManager ReloadAssembly
Native extension for WindowsStandalone target not found
Refreshing native plugins compatible for Editor in 0.40 ms, found 1 plugins.
Preloading 0 native plugins for Editor in 0.00 ms.
Mono: successfully reloaded assembly
- Completed reload, in  1.229 seconds
Platform modules already initialized, skipping
Refreshing native plugins compatible for Editor in 0.40 ms, found 1 plugins.
Preloading 0 native plugins for Editor in 0.00 ms.
Unloading 1808 Unused Serialized files (Serialized files now loaded: 0)
System memory in use before: 90.7 MB.
System memory in use after: 90.7 MB.

Unloading 12 unused Assets to reduce memory usage. Loaded Objects now: 2272.
Total: 2.618900 ms (FindLiveObjects: 0.215600 ms CreateObjectMapping: 0.090900 ms MarkObjects: 2.192900 ms  DeleteObjects: 0.118500 ms)

========================================================================
Received Prepare
Registering precompiled user dll's ...
Registered in 0.001037 seconds.
Begin MonoManager ReloadAssembly
Native extension for WindowsStandalone target not found
Refreshing native plugins compatible for Editor in 0.46 ms, found 1 plugins.
Preloading 0 native plugins for Editor in 0.00 ms.
Mono: successfully reloaded assembly
- Completed reload, in  1.180 seconds
Platform modules already initialized, skipping
Refreshing native plugins compatible for Editor in 0.31 ms, found 1 plugins.
Preloading 0 native plugins for Editor in 0.00 ms.
Unloading 1808 Unused Serialized files (Serialized files now loaded: 0)
System memory in use before: 90.8 MB.
System memory in use after: 90.7 MB.

Unloading 12 unused Assets to reduce memory usage. Loaded Objects now: 2276.
Total: 3.008200 ms (FindLiveObjects: 0.371600 ms CreateObjectMapping: 0.151300 ms MarkObjects: 2.350800 ms  DeleteObjects: 0.133800 ms)

========================================================================
Received Import Request.
  Time since last request: 2785.753942 seconds.
  path: Assets/Resources/red_button00.png
  artifactKey: Guid(cf4fc162d648b244a86fc82d94d49061) Importer(815301076,1909f56bfc062723c751e8b465ee728b)
Start importing Assets/Resources/red_button00.png using Guid(cf4fc162d648b244a86fc82d94d49061) Importer(815301076,1909f56bfc062723c751e8b465ee728b)  -> (artifact id: '0f410e887d74578e2e1fda0b60968f6e') in 0.136735 seconds
  Import took 0.141184 seconds .

========================================================================
Received Prepare
Registering precompiled user dll's ...
Registered in 0.000831 seconds.
Begin MonoManager ReloadAssembly
Native extension for WindowsStandalone target not found
Refreshing native plugins compatible for Editor in 0.55 ms, found 1 plugins.
Preloading 0 native plugins for Editor in 0.00 ms.
Mono: successfully reloaded assembly
- Completed reload, in  0.836 seconds
Platform modules already initialized, skipping
Refreshing native plugins compatible for Editor in 0.29 ms, found 1 plugins.
Preloading 0 native plugins for Editor in 0.00 ms.
Unloading 1808 Unused Serialized files (Serialized files now loaded: 0)
System memory in use before: 93.9 MB.
System memory in use after: 93.8 MB.

Unloading 12 unused Assets to reduce memory usage. Loaded Objects now: 2286.
Total: 3.088600 ms (FindLiveObjects: 0.155300 ms CreateObjectMapping: 0.130500 ms MarkObjects: 2.662400 ms  DeleteObjects: 0.139900 ms)

========================================================================
Received Prepare
Registering precompiled user dll's ...
Registered in 0.001204 seconds.
Begin MonoManager ReloadAssembly
Native extension for WindowsStandalone target not found
Refreshing native plugins compatible for Editor in 0.41 ms, found 1 plugins.
Preloading 0 native plugins for Editor in 0.00 ms.
Mono: successfully reloaded assembly
- Completed reload, in  0.851 seconds
Platform modules already initialized, skipping
Refreshing native plugins compatible for Editor in 0.40 ms, found 1 plugins.
Preloading 0 native plugins for Editor in 0.00 ms.
Unloading 1808 Unused Serialized files (Serialized files now loaded: 0)
System memory in use before: 93.9 MB.
System memory in use after: 93.9 MB.

Unloading 12 unused Assets to reduce memory usage. Loaded Objects now: 2290.
Total: 2.608900 ms (FindLiveObjects: 0.375500 ms CreateObjectMapping: 0.208400 ms MarkObjects: 1.937100 ms  DeleteObjects: 0.086900 ms)

========================================================================
Received Prepare
Registering precompiled user dll's ...
Registered in 0.000841 seconds.
Begin MonoManager ReloadAssembly
Native extension for WindowsStandalone target not found
Refreshing native plugins compatible for Editor in 0.40 ms, found 1 plugins.
Preloading 0 native plugins for Editor in 0.00 ms.
Mono: successfully reloaded assembly
- Completed reload, in  0.808 seconds
Platform modules already initialized, skipping
Refreshing native plugins compatible for Editor in 0.32 ms, found 1 plugins.
Preloading 0 native plugins for Editor in 0.00 ms.
Unloading 1808 Unused Serialized files (Serialized files now loaded: 0)
System memory in use before: 93.9 MB.
System memory in use after: 93.9 MB.

Unloading 12 unused Assets to reduce memory usage. Loaded Objects now: 2294.
Total: 2.073400 ms (FindLiveObjects: 0.209800 ms CreateObjectMapping: 0.064300 ms MarkObjects: 1.663900 ms  DeleteObjects: 0.134600 ms)

========================================================================
Received Prepare
Registering precompiled user dll's ...
Registered in 0.001133 seconds.
Begin MonoManager ReloadAssembly
Native extension for WindowsStandalone target not found
Refreshing native plugins compatible for Editor in 0.36 ms, found 1 plugins.
Preloading 0 native plugins for Editor in 0.00 ms.
Mono: successfully reloaded assembly
- Completed reload, in  0.846 seconds
Platform modules already initialized, skipping
Refreshing native plugins compatible for Editor in 0.34 ms, found 1 plugins.
Preloading 0 native plugins for Editor in 0.00 ms.
Unloading 1808 Unused Serialized files (Serialized files now loaded: 0)
System memory in use before: 93.9 MB.
System memory in use after: 93.9 MB.

Unloading 12 unused Assets to reduce memory usage. Loaded Objects now: 2298.
Total: 2.677100 ms (FindLiveObjects: 0.259500 ms CreateObjectMapping: 0.173000 ms MarkObjects: 2.101300 ms  DeleteObjects: 0.142300 ms)

========================================================================
Received Prepare
Registering precompiled user dll's ...
Registered in 0.000976 seconds.
Begin MonoManager ReloadAssembly
Native extension for WindowsStandalone target not found
Refreshing native plugins compatible for Editor in 0.37 ms, found 1 plugins.
Preloading 0 native plugins for Editor in 0.00 ms.
Mono: successfully reloaded assembly
- Completed reload, in  0.868 seconds
Platform modules already initialized, skipping
Refreshing native plugins compatible for Editor in 0.35 ms, found 1 plugins.
Preloading 0 native plugins for Editor in 0.00 ms.
Unloading 1808 Unused Serialized files (Serialized files now loaded: 0)
System memory in use before: 93.9 MB.
System memory in use after: 93.9 MB.

Unloading 12 unused Assets to reduce memory usage. Loaded Objects now: 2302.
Total: 2.100500 ms (FindLiveObjects: 0.204000 ms CreateObjectMapping: 0.110900 ms MarkObjects: 1.682900 ms  DeleteObjects: 0.101700 ms)

========================================================================
Received Import Request.
  Time since last request: 455.273401 seconds.
  path: Assets/Resources/green_button03.png
  artifactKey: Guid(daafa6e1fd8eab94aa1631c339eeb937) Importer(815301076,1909f56bfc062723c751e8b465ee728b)
Start importing Assets/Resources/green_button03.png using Guid(daafa6e1fd8eab94aa1631c339eeb937) Importer(815301076,1909f56bfc062723c751e8b465ee728b)  -> (artifact id: '5eb45cf4f21d745f858369279d949333') in 0.050825 seconds
  Import took 0.054652 seconds .

========================================================================
Received Import Request.
  Time since last request: 0.013859 seconds.
  path: Assets/Resources/green_button03.png
  artifactKey: Guid(daafa6e1fd8eab94aa1631c339eeb937) Importer(815301076,1909f56bfc062723c751e8b465ee728b)
Start importing Assets/Resources/green_button03.png using Guid(daafa6e1fd8eab94aa1631c339eeb937) Importer(815301076,1909f56bfc062723c751e8b465ee728b)  -> (artifact id: '5eb45cf4f21d745f858369279d949333') in 0.008628 seconds
  Import took 0.011916 seconds .

========================================================================
Received Import Request.
  Time since last request: 6.612234 seconds.
  path: Assets/Resources/Information Bar.png
  artifactKey: Guid(cf4fc162d648b244a86fc82d94d49061) Importer(815301076,1909f56bfc062723c751e8b465ee728b)
Start importing Assets/Resources/Information Bar.png using Guid(cf4fc162d648b244a86fc82d94d49061) Importer(815301076,1909f56bfc062723c751e8b465ee728b)  -> (artifact id: 'c6826783d4a168dcf6c72e2c00b46511') in 0.028586 seconds
  Import took 0.031551 seconds .

========================================================================
Received Import Request.
  Time since last request: 10.112227 seconds.
  path: Assets/Resources/Values Box.png
  artifactKey: Guid(daafa6e1fd8eab94aa1631c339eeb937) Importer(815301076,1909f56bfc062723c751e8b465ee728b)
Start importing Assets/Resources/Values Box.png using Guid(daafa6e1fd8eab94aa1631c339eeb937) Importer(815301076,1909f56bfc062723c751e8b465ee728b)  -> (artifact id: '66198f438c57b147c4ac24bb34e13918') in 0.020351 seconds
  Import took 0.023519 seconds .

========================================================================
Received Prepare
Registering precompiled user dll's ...
Registered in 0.000780 seconds.
Begin MonoManager ReloadAssembly
Native extension for WindowsStandalone target not found
Refreshing native plugins compatible for Editor in 0.31 ms, found 1 plugins.
Preloading 0 native plugins for Editor in 0.00 ms.
Mono: successfully reloaded assembly
- Completed reload, in  0.858 seconds
Platform modules already initialized, skipping
Refreshing native plugins compatible for Editor in 0.35 ms, found 1 plugins.
Preloading 0 native plugins for Editor in 0.00 ms.
Unloading 1808 Unused Serialized files (Serialized files now loaded: 0)
System memory in use before: 93.9 MB.
System memory in use after: 93.9 MB.

Unloading 12 unused Assets to reduce memory usage. Loaded Objects now: 2307.
Total: 2.356400 ms (FindLiveObjects: 0.246200 ms CreateObjectMapping: 0.088200 ms MarkObjects: 1.922200 ms  DeleteObjects: 0.098900 ms)

========================================================================
Received Prepare
Registering precompiled user dll's ...
Registered in 0.000862 seconds.
Begin MonoManager ReloadAssembly
Native extension for WindowsStandalone target not found
Refreshing native plugins compatible for Editor in 0.38 ms, found 1 plugins.
Preloading 0 native plugins for Editor in 0.00 ms.
Mono: successfully reloaded assembly
- Completed reload, in  0.838 seconds
Platform modules already initialized, skipping
Refreshing native plugins compatible for Editor in 0.44 ms, found 1 plugins.
Preloading 0 native plugins for Editor in 0.00 ms.
Unloading 1808 Unused Serialized files (Serialized files now loaded: 0)
System memory in use before: 93.9 MB.
System memory in use after: 93.9 MB.

Unloading 12 unused Assets to reduce memory usage. Loaded Objects now: 2311.
Total: 2.687700 ms (FindLiveObjects: 0.309600 ms CreateObjectMapping: 0.098400 ms MarkObjects: 2.171400 ms  DeleteObjects: 0.107400 ms)

========================================================================
Received Prepare
Registering precompiled user dll's ...
Registered in 0.001054 seconds.
Begin MonoManager ReloadAssembly
Native extension for WindowsStandalone target not found
Refreshing native plugins compatible for Editor in 0.29 ms, found 1 plugins.
Preloading 0 native plugins for Editor in 0.00 ms.
Mono: successfully reloaded assembly
- Completed reload, in  0.836 seconds
Platform modules already initialized, skipping
Refreshing native plugins compatible for Editor in 0.29 ms, found 1 plugins.
Preloading 0 native plugins for Editor in 0.00 ms.
Unloading 1808 Unused Serialized files (Serialized files now loaded: 0)
System memory in use before: 93.9 MB.
System memory in use after: 93.9 MB.

Unloading 12 unused Assets to reduce memory usage. Loaded Objects now: 2315.
Total: 2.261100 ms (FindLiveObjects: 0.169400 ms CreateObjectMapping: 0.064100 ms MarkObjects: 1.938500 ms  DeleteObjects: 0.088200 ms)

========================================================================
Received Prepare
Registering precompiled user dll's ...
Registered in 0.001057 seconds.
Begin MonoManager ReloadAssembly
Native extension for WindowsStandalone target not found
Refreshing native plugins compatible for Editor in 0.30 ms, found 1 plugins.
Preloading 0 native plugins for Editor in 0.00 ms.
Mono: successfully reloaded assembly
- Completed reload, in  0.831 seconds
Platform modules already initialized, skipping
Refreshing native plugins compatible for Editor in 0.31 ms, found 1 plugins.
Preloading 0 native plugins for Editor in 0.00 ms.
Unloading 1808 Unused Serialized files (Serialized files now loaded: 0)
System memory in use before: 93.9 MB.
System memory in use after: 93.9 MB.

Unloading 12 unused Assets to reduce memory usage. Loaded Objects now: 2319.
Total: 2.443500 ms (FindLiveObjects: 0.238500 ms CreateObjectMapping: 0.073500 ms MarkObjects: 1.980000 ms  DeleteObjects: 0.150700 ms)

AssetImportWorkerClient::OnTransportError - code=2 error=End of file
